<?xml version="1.0" encoding="UTF-8"?>
<!-- Generated by org.testng.reporters.JUnitReportReporter -->
<testsuite hostname="DESKTOP-05S7GPM" failures="0" tests="1" name="cucumberoptions.RunCukeTest" time="8.848" errors="1" timestamp="2024-11-02T12:41:49 ICT" skipped="0">
  <testcase classname="cucumberoptions.RunCukeTest" name="feature" time="8.848">
    <error message="class org.openqa.selenium.By$ByXPath cannot be cast to class io.appium.java_client.AppiumBy (org.openqa.selenium.By$ByXPath and io.appium.java_client.AppiumBy are in unnamed module of loader &#039;app&#039;)" type="java.lang.ClassCastException">
      <![CDATA[java.lang.ClassCastException: class org.openqa.selenium.By$ByXPath cannot be cast to class io.appium.java_client.AppiumBy (org.openqa.selenium.By$ByXPath and io.appium.java_client.AppiumBy are in unnamed module of loader 'app')
at page.HomePage.tapOnCloseBanner(HomePage.java:44)
at stepdefinitions.HomePageStepDefinitions.user_close_popup_banner(HomePageStepDefinitions.java:30)
at âœ½.User close popup banner(file:///D:/FPT_Autotest/TestNG/Medpro-Regression/src/test/resources/features/AddToCart.feature:12)
]]>
    </error>
  </testcase> <!-- feature -->
</testsuite> <!-- cucumberoptions.RunCukeTest -->
